================================================================================
SESSION START: 2025-03-06 18:39:37
================================================================================

================================================================================
SESSION END: 2025-03-06 18:39:37
================================================================================
================================================================================
SESSION START: 2025-03-06 18:40:34
================================================================================

--------------------------------------------------------------------------------
Raw Data Written [2025-03-06 18:40:34]
--------------------------------------------------------------------------------
Hex: [74, 65, 72, 6D, 69, 6E, 61, 6C, 20, 77, 69, 64, 74, 68, 20, 35, 31, 31, 0A]
Text: terminal width 511

--------------------------------------------------------------------------------

--------------------------------------------------------------------------------
Raw Data Written [2025-03-06 18:40:34]
--------------------------------------------------------------------------------
Hex: [74, 65]
Text: te
--------------------------------------------------------------------------------

--------------------------------------------------------------------------------
Raw Data Written [2025-03-06 18:40:34]
--------------------------------------------------------------------------------
Hex: [72]
Text: r
--------------------------------------------------------------------------------

--------------------------------------------------------------------------------
Raw Data Written [2025-03-06 18:40:34]
--------------------------------------------------------------------------------
Hex: [6D]
Text: m
--------------------------------------------------------------------------------

--------------------------------------------------------------------------------
Raw Data Written [2025-03-06 18:40:34]
--------------------------------------------------------------------------------
Hex: [69]
Text: i
--------------------------------------------------------------------------------

--------------------------------------------------------------------------------
Raw Data Written [2025-03-06 18:40:34]
--------------------------------------------------------------------------------
Hex: [6E]
Text: n
--------------------------------------------------------------------------------

--------------------------------------------------------------------------------
Raw Data Written [2025-03-06 18:40:34]
--------------------------------------------------------------------------------
Hex: [61]
Text: a
--------------------------------------------------------------------------------

--------------------------------------------------------------------------------
Raw Data Written [2025-03-06 18:40:34]
--------------------------------------------------------------------------------
Hex: [6C]
Text: l
--------------------------------------------------------------------------------

--------------------------------------------------------------------------------
Raw Data Written [2025-03-06 18:40:35]
--------------------------------------------------------------------------------
Hex: [20]
Text:  
--------------------------------------------------------------------------------

--------------------------------------------------------------------------------
Raw Data Written [2025-03-06 18:40:35]
--------------------------------------------------------------------------------
Hex: [77]
Text: w
--------------------------------------------------------------------------------

--------------------------------------------------------------------------------
Raw Data Written [2025-03-06 18:40:35]
--------------------------------------------------------------------------------
Hex: [69]
Text: i
--------------------------------------------------------------------------------

--------------------------------------------------------------------------------
Raw Data Written [2025-03-06 18:40:35]
--------------------------------------------------------------------------------
Hex: [64]
Text: d
--------------------------------------------------------------------------------

--------------------------------------------------------------------------------
Raw Data Written [2025-03-06 18:40:35]
--------------------------------------------------------------------------------
Hex: [74]
Text: t
--------------------------------------------------------------------------------

--------------------------------------------------------------------------------
Raw Data Written [2025-03-06 18:40:35]
--------------------------------------------------------------------------------
Hex: [68]
Text: h
--------------------------------------------------------------------------------

--------------------------------------------------------------------------------
Raw Data Written [2025-03-06 18:40:35]
--------------------------------------------------------------------------------
Hex: [20]
Text:  
--------------------------------------------------------------------------------

--------------------------------------------------------------------------------
Raw Data Written [2025-03-06 18:40:35]
--------------------------------------------------------------------------------
Hex: [35]
Text: 5
--------------------------------------------------------------------------------

--------------------------------------------------------------------------------
Raw Data Written [2025-03-06 18:40:35]
--------------------------------------------------------------------------------
Hex: [31]
Text: 1
--------------------------------------------------------------------------------

--------------------------------------------------------------------------------
Raw Data Written [2025-03-06 18:40:35]
--------------------------------------------------------------------------------
Hex: [31]
Text: 1
--------------------------------------------------------------------------------

--------------------------------------------------------------------------------
Raw Data Written [2025-03-06 18:40:35]
--------------------------------------------------------------------------------
Hex: [0D, 0A]
Text: 

--------------------------------------------------------------------------------

--------------------------------------------------------------------------------
Raw Data Written [2025-03-06 18:40:35]
--------------------------------------------------------------------------------
Hex: [43, 53, 52, 31, 3E]
Text: CSR1>
--------------------------------------------------------------------------------
================================================================================
SESSION START: 2025-03-06 18:42:06
================================================================================

--------------------------------------------------------------------------------
Raw Data Written [2025-03-06 18:42:06]
--------------------------------------------------------------------------------
Hex: [74, 65, 72, 6D, 69, 6E, 61, 6C, 20, 77, 69, 64, 74, 68, 20, 35, 31, 31, 0A]
Text: terminal width 511

--------------------------------------------------------------------------------

--------------------------------------------------------------------------------
Raw Data Written [2025-03-06 18:42:06]
--------------------------------------------------------------------------------
Hex: [74, 65]
Text: te
--------------------------------------------------------------------------------

--------------------------------------------------------------------------------
Raw Data Written [2025-03-06 18:42:06]
--------------------------------------------------------------------------------
Hex: [72]
Text: r
--------------------------------------------------------------------------------

--------------------------------------------------------------------------------
Raw Data Written [2025-03-06 18:42:06]
--------------------------------------------------------------------------------
Hex: [6D]
Text: m
--------------------------------------------------------------------------------

--------------------------------------------------------------------------------
Raw Data Written [2025-03-06 18:42:06]
--------------------------------------------------------------------------------
Hex: [69]
Text: i
--------------------------------------------------------------------------------

--------------------------------------------------------------------------------
Raw Data Written [2025-03-06 18:42:06]
--------------------------------------------------------------------------------
Hex: [6E]
Text: n
--------------------------------------------------------------------------------

--------------------------------------------------------------------------------
Raw Data Written [2025-03-06 18:42:06]
--------------------------------------------------------------------------------
Hex: [61]
Text: a
--------------------------------------------------------------------------------

--------------------------------------------------------------------------------
Raw Data Written [2025-03-06 18:42:06]
--------------------------------------------------------------------------------
Hex: [6C]
Text: l
--------------------------------------------------------------------------------

--------------------------------------------------------------------------------
Raw Data Written [2025-03-06 18:42:06]
--------------------------------------------------------------------------------
Hex: [20]
Text:  
--------------------------------------------------------------------------------

--------------------------------------------------------------------------------
Raw Data Written [2025-03-06 18:42:06]
--------------------------------------------------------------------------------
Hex: [77]
Text: w
--------------------------------------------------------------------------------

--------------------------------------------------------------------------------
Raw Data Written [2025-03-06 18:42:06]
--------------------------------------------------------------------------------
Hex: [69]
Text: i
--------------------------------------------------------------------------------

--------------------------------------------------------------------------------
Raw Data Written [2025-03-06 18:42:06]
--------------------------------------------------------------------------------
Hex: [64]
Text: d
--------------------------------------------------------------------------------

--------------------------------------------------------------------------------
Raw Data Written [2025-03-06 18:42:06]
--------------------------------------------------------------------------------
Hex: [74]
Text: t
--------------------------------------------------------------------------------

--------------------------------------------------------------------------------
Raw Data Written [2025-03-06 18:42:06]
--------------------------------------------------------------------------------
Hex: [68]
Text: h
--------------------------------------------------------------------------------

--------------------------------------------------------------------------------
Raw Data Written [2025-03-06 18:42:06]
--------------------------------------------------------------------------------
Hex: [20]
Text:  
--------------------------------------------------------------------------------

--------------------------------------------------------------------------------
Raw Data Written [2025-03-06 18:42:06]
--------------------------------------------------------------------------------
Hex: [35]
Text: 5
--------------------------------------------------------------------------------

--------------------------------------------------------------------------------
Raw Data Written [2025-03-06 18:42:06]
--------------------------------------------------------------------------------
Hex: [31]
Text: 1
--------------------------------------------------------------------------------

--------------------------------------------------------------------------------
Raw Data Written [2025-03-06 18:42:06]
--------------------------------------------------------------------------------
Hex: [31]
Text: 1
--------------------------------------------------------------------------------

--------------------------------------------------------------------------------
Raw Data Written [2025-03-06 18:42:06]
--------------------------------------------------------------------------------
Hex: [0D, 0A]
Text: 

--------------------------------------------------------------------------------

--------------------------------------------------------------------------------
Raw Data Written [2025-03-06 18:42:06]
--------------------------------------------------------------------------------
Hex: [43, 53, 52, 31, 3E]
Text: CSR1>
--------------------------------------------------------------------------------
================================================================================
SESSION START: 2025-03-06 18:44:17
================================================================================

--------------------------------------------------------------------------------
Raw Data Written [2025-03-06 18:44:17]
--------------------------------------------------------------------------------
Hex: [74, 65, 72, 6D, 69, 6E, 61, 6C, 20, 77, 69, 64, 74, 68, 20, 35, 31, 31, 0A]
Text: terminal width 511

--------------------------------------------------------------------------------

--------------------------------------------------------------------------------
Raw Data Written [2025-03-06 18:44:17]
--------------------------------------------------------------------------------
Hex: [74, 65]
Text: te
--------------------------------------------------------------------------------

--------------------------------------------------------------------------------
Raw Data Written [2025-03-06 18:44:17]
--------------------------------------------------------------------------------
Hex: [72]
Text: r
--------------------------------------------------------------------------------

--------------------------------------------------------------------------------
Raw Data Written [2025-03-06 18:44:17]
--------------------------------------------------------------------------------
Hex: [6D]
Text: m
--------------------------------------------------------------------------------

--------------------------------------------------------------------------------
Raw Data Written [2025-03-06 18:44:17]
--------------------------------------------------------------------------------
Hex: [69]
Text: i
--------------------------------------------------------------------------------

--------------------------------------------------------------------------------
Raw Data Written [2025-03-06 18:44:17]
--------------------------------------------------------------------------------
Hex: [6E]
Text: n
--------------------------------------------------------------------------------

--------------------------------------------------------------------------------
Raw Data Written [2025-03-06 18:44:17]
--------------------------------------------------------------------------------
Hex: [61]
Text: a
--------------------------------------------------------------------------------

--------------------------------------------------------------------------------
Raw Data Written [2025-03-06 18:44:17]
--------------------------------------------------------------------------------
Hex: [6C]
Text: l
--------------------------------------------------------------------------------

--------------------------------------------------------------------------------
Raw Data Written [2025-03-06 18:44:17]
--------------------------------------------------------------------------------
Hex: [20]
Text:  
--------------------------------------------------------------------------------

--------------------------------------------------------------------------------
Raw Data Written [2025-03-06 18:44:17]
--------------------------------------------------------------------------------
Hex: [77]
Text: w
--------------------------------------------------------------------------------

--------------------------------------------------------------------------------
Raw Data Written [2025-03-06 18:44:17]
--------------------------------------------------------------------------------
Hex: [69]
Text: i
--------------------------------------------------------------------------------

--------------------------------------------------------------------------------
Raw Data Written [2025-03-06 18:44:17]
--------------------------------------------------------------------------------
Hex: [64]
Text: d
--------------------------------------------------------------------------------

--------------------------------------------------------------------------------
Raw Data Written [2025-03-06 18:44:17]
--------------------------------------------------------------------------------
Hex: [74]
Text: t
--------------------------------------------------------------------------------

--------------------------------------------------------------------------------
Raw Data Written [2025-03-06 18:44:17]
--------------------------------------------------------------------------------
Hex: [68]
Text: h
--------------------------------------------------------------------------------

--------------------------------------------------------------------------------
Raw Data Written [2025-03-06 18:44:17]
--------------------------------------------------------------------------------
Hex: [20]
Text:  
--------------------------------------------------------------------------------

--------------------------------------------------------------------------------
Raw Data Written [2025-03-06 18:44:17]
--------------------------------------------------------------------------------
Hex: [35]
Text: 5
--------------------------------------------------------------------------------

--------------------------------------------------------------------------------
Raw Data Written [2025-03-06 18:44:17]
--------------------------------------------------------------------------------
Hex: [31]
Text: 1
--------------------------------------------------------------------------------

--------------------------------------------------------------------------------
Raw Data Written [2025-03-06 18:44:17]
--------------------------------------------------------------------------------
Hex: [31]
Text: 1
--------------------------------------------------------------------------------

--------------------------------------------------------------------------------
Raw Data Written [2025-03-06 18:44:17]
--------------------------------------------------------------------------------
Hex: [0D, 0A]
Text: 

--------------------------------------------------------------------------------

--------------------------------------------------------------------------------
Raw Data Written [2025-03-06 18:44:17]
--------------------------------------------------------------------------------
Hex: [43, 53, 52, 31, 3E]
Text: CSR1>
--------------------------------------------------------------------------------
