================================================================================
SESSION START: 2025-03-06 19:09:33
================================================================================
================================================================================
SESSION START: 2025-03-06 19:09:41
================================================================================

--------------------------------------------------------------------------------
Raw Data Written [2025-03-06 19:09:34]
--------------------------------------------------------------------------------
Hex: [0A, 0A]
Text: 


--------------------------------------------------------------------------------

--------------------------------------------------------------------------------
Raw Data Written [2025-03-06 19:09:34]
--------------------------------------------------------------------------------
Hex: [0D, 0A, 43, 53, 52, 31, 3E, 0D, 0A, 43, 53, 52, 31, 3E]
Text: 
CSR1>
CSR1>
--------------------------------------------------------------------------------
